<?xml version="1.0" encoding="UTF-8"?>
<!-- Generated by org.testng.reporters.JUnitReportReporter -->
<testsuite hostname="TSQA-L029" failures="0" tests="1" name="daylast.Gowri" time="0.011" errors="0" timestamp="2022-05-06T15:01:17 IST" skipped="0">
  <testcase classname="daylast.Gowri" name="goww" time="0.011"/>
  <system-out/>
</testsuite> <!-- daylast.Gowri -->
